2023-10-03 09:42:29.308475 INFO::Writing function arguments to log file
2023-10-03 09:42:29.311355 DEBUG::Function arguments
2023-10-03 09:42:29.313283 DEBUG::Output folder: output
2023-10-03 09:42:29.315586 DEBUG::Min Abundance: 0.100000
2023-10-03 09:42:29.316273 DEBUG::Min Prevalence: 0.020000
2023-10-03 09:42:29.316825 DEBUG::Normalization: TSS
2023-10-03 09:42:29.317195 DEBUG::Transform: LOG
2023-10-03 09:42:29.317873 DEBUG::Analysis method: LM
2023-10-03 09:42:29.318924 DEBUG::Max significance: 0.200000
2023-10-03 09:42:29.319952 DEBUG::Random effects:
2023-10-03 09:42:29.320876 DEBUG::Fixed effects:
2023-10-03 09:42:29.321736 DEBUG::Formula: age + I(age^2)
2023-10-03 09:42:29.322271 DEBUG::Correction method: BH
2023-10-03 09:42:29.324733 DEBUG::Standardize: FALSE
2023-10-03 09:42:29.326773 DEBUG::Cores: 1
2023-10-03 09:42:29.327586 INFO::Verifying options selected are valid
2023-10-03 09:42:29.32954 INFO::Determining format of input files
2023-10-03 09:42:29.331433 INFO::Input format is data samples as rows and metadata samples as rows
2023-10-03 09:42:29.333513 DEBUG::A total of 1595 samples were found in both the data and metadata
2023-10-03 09:42:29.333805 DEBUG::Reordering data/metadata to use same sample ordering
2023-10-03 09:42:29.336476 INFO::Formula for fixed effects: expr ~ age + I(age^2)
2023-10-03 09:42:29.337753 INFO::Filter data based on min abundance and min prevalence
2023-10-03 09:42:29.33884 INFO::Total samples in data: 1595
2023-10-03 09:42:29.339679 INFO::Min samples required with min abundance for a feature not to be filtered: 31.900000
2023-10-03 09:42:29.342919 INFO::Total filtered features: 66
2023-10-03 09:42:29.343863 INFO::Filtered feature names from abundance and prevalence filtering: Bifidobacterium.adolescentis, Bifidobacterium.bifidum, Bifidobacterium.longum, Bifidobacterium.pseudocatenulatum, Collinsella.aerofaciens, Bacteroides.faecis, Bacteroides.finegoldii, Bacteroides.intestinalis, Bacteroides.salyersiae, Bacteroides.xylanisolvens, Bacteroidales.bacterium.ph8, Barnesiella.intestinihominis, Coprobacter.fastidiosus, Odoribacter.splanchnicus, Parabacteroides.distasonis, Parabacteroides.goldsteinii, Parabacteroides.unclassified, Paraprevotella.clara, Paraprevotella.unclassified, Alistipes.finegoldii, Alistipes.onderdonkii, Alistipes.shahii, Alistipes.unclassified, Streptococcus.salivarius, Clostridium.bolteae, Clostridium.citroniae, Clostridium.clostridioforme, Clostridium.hathewayi, Clostridium.leptum, Clostridium.nexile, Clostridium.symbiosum, Flavonifractor.plautii, Eubacterium.eligens, Eubacterium.hallii, Eubacterium.sp.3.1.31, Eubacterium.ventriosum, Ruminococcus.gnavus, Ruminococcus.obeum, Ruminococcus.torques, Coprococcus.comes, Dorea.longicatena, Lachnospiraceae.bacterium.1.1.57FAA, Lachnospiraceae.bacterium.3.1.46FAA, Roseburia.hominis, Roseburia.inulinivorans, Roseburia.unclassified, Oscillibacter.unclassified, Peptostreptococcaceae.noname.unclassified, Ruminococcus.bromii, Ruminococcus.callidus, Ruminococcus.lactaris, Coprobacillus.unclassified, Acidaminococcus.unclassified, Dialister.invisus, Veillonella.atypica, Veillonella.dispar, Veillonella.parvula, Veillonella.unclassified, Burkholderiales.bacterium.1.1.47, Parasutterella.excrementihominis, Sutterella.wadsworthensis, Bilophila.unclassified, Escherichia.unclassified, Klebsiella.pneumoniae, Haemophilus.parainfluenzae, C2likevirus.unclassified
2023-10-03 09:42:29.346013 INFO::Total filtered features with variance filtering: 0
2023-10-03 09:42:29.346806 INFO::Filtered feature names from variance filtering:
2023-10-03 09:42:29.347739 INFO::Writing filtered data to file output/features/filtered_data.tsv
2023-10-03 09:42:29.362514 INFO::Bypass z-score application to metadata
2023-10-03 09:42:29.363504 INFO::Running selected normalization method: TSS
2023-10-03 09:42:29.368978 INFO::Writing filtered, normalized data to file output/features/filtered_data_norm.tsv
2023-10-03 09:42:29.384419 INFO::Running selected transform method: LOG
2023-10-03 09:42:29.386823 INFO::Writing filtered, normalized, transformed data to file output/features/filtered_data_norm_transformed.tsv
2023-10-03 09:42:29.405827 INFO::Running selected analysis method: LM
2023-10-03 09:42:29.40658 INFO::Fitting model to feature number 1, Bacteroides.caccae
2023-10-03 09:42:29.409343 INFO::Fitting model to feature number 2, Bacteroides.cellulosilyticus
2023-10-03 09:42:29.41139 INFO::Fitting model to feature number 3, Bacteroides.dorei
2023-10-03 09:42:29.413467 INFO::Fitting model to feature number 4, Bacteroides.eggerthii
2023-10-03 09:42:29.415435 INFO::Fitting model to feature number 5, Bacteroides.fragilis
2023-10-03 09:42:29.417299 INFO::Fitting model to feature number 6, Bacteroides.massiliensis
2023-10-03 09:42:29.419803 INFO::Fitting model to feature number 7, Bacteroides.ovatus
2023-10-03 09:42:29.422058 INFO::Fitting model to feature number 8, Bacteroides.stercoris
2023-10-03 09:42:29.423934 INFO::Fitting model to feature number 9, Bacteroides.thetaiotaomicron
2023-10-03 09:42:29.425823 INFO::Fitting model to feature number 10, Bacteroides.uniformis
2023-10-03 09:42:29.429238 INFO::Fitting model to feature number 11, Bacteroides.vulgatus
2023-10-03 09:42:29.431373 INFO::Fitting model to feature number 12, Parabacteroides.merdae
2023-10-03 09:42:29.4333 INFO::Fitting model to feature number 13, Prevotella.copri
2023-10-03 09:42:29.435498 INFO::Fitting model to feature number 14, Alistipes.putredinis
2023-10-03 09:42:29.437606 INFO::Fitting model to feature number 15, Eubacterium.rectale
2023-10-03 09:42:29.440144 INFO::Fitting model to feature number 16, Eubacterium.siraeum
2023-10-03 09:42:29.442173 INFO::Fitting model to feature number 17, Roseburia.intestinalis
2023-10-03 09:42:29.44408 INFO::Fitting model to feature number 18, Faecalibacterium.prausnitzii
2023-10-03 09:42:29.446192 INFO::Fitting model to feature number 19, Subdoligranulum.unclassified
2023-10-03 09:42:29.448225 INFO::Fitting model to feature number 20, Escherichia.coli
2023-10-03 09:42:29.450244 INFO::Fitting model to feature number 21, Akkermansia.muciniphila
2023-10-03 09:42:29.456036 INFO::Counting total values for each feature
2023-10-03 09:42:29.458136 WARNING::Deleting existing residuals file: output/fits/residuals.rds
2023-10-03 09:42:29.4588 INFO::Writing residuals to file output/fits/residuals.rds
2023-10-03 09:42:29.466051 WARNING::Deleting existing fitted file: output/fits/fitted.rds
2023-10-03 09:42:29.466708 INFO::Writing fitted values to file output/fits/fitted.rds
2023-10-03 09:42:29.469809 INFO::Writing all results to file (ordered by increasing q-values): output/all_results.tsv
2023-10-03 09:42:29.470793 INFO::Writing the significant results (those which are less than or equal to the threshold of 0.200000 ) to file (ordered by increasing q-values): output/significant_results.tsv
